1525372077401	geckodriver	INFO	geckodriver 0.20.1
1525372077409	geckodriver	INFO	Listening on 127.0.0.1:50920
1525372080466	mozrunner::runner	INFO	Running command: "C:\\Program Files\\Mozilla Firefox\\firefox.exe" "-marionette" "-profile" "C:\\Users\\jakub\\AppData\\Local\\Temp\\rust_mozprofile.C45afgbXQhxX"
Unable to read VR Path Registry from C:\Users\jakub\AppData\Local\openvr\openvrpaths.vrpath
Unable to read VR Path Registry from C:\Users\jakub\AppData\Local\openvr\openvrpaths.vrpath
Unable to read VR Path Registry from C:\Users\jakub\AppData\Local\openvr\openvrpaths.vrpath
Unable to read VR Path Registry from C:\Users\jakub\AppData\Local\openvr\openvrpaths.vrpath
1525372083781	Marionette	INFO	Listening on port 50929
1525372083973	Marionette	WARN	TLS certificate errors will be ignored for this session
Unable to read VR Path Registry from C:\Users\jakub\AppData\Local\openvr\openvrpaths.vrpath
[Child 3380, Chrome_ChildThread] WARNING: pipe error: 109: file z:/build/build/src/ipc/chromium/src/chrome/common/ipc_channel_win.cc, line 346
[Child 3380, Ch[Parent 8628, Gecko_IOThread] WARNING: pipe error: 109: file z:/build/build/src/ipc/chromium/src/chrome/common/ipc_channel_win.cc, line 346
[Child 3896, Chrome_ChildThread] WARNING: pipe error: 109: file z:/build/build/src/ipc/chromium/src/chrome/common/ipc_channel_win.cc, line 346
[Parent 8628, Gecko_IOThread] WARNING: pipe error: 109: file z:/build/build/src/ipc/chromium/src/chrome/common/ipc_channel_win.cc, line 346
*** UTM:SVC TimerManager:registerTimer called after profile-before-change notification. Ignoring timer registration for id: telemetry_modules_ping

###!!! [Child][MessageChannel::SendAndWait] Error: Channel error: cannot send/recv

1525374382874	geckodriver	INFO	geckodriver 0.20.1
1525374382912	geckodriver	INFO	Listening on 127.0.0.1:51696
1525374385882	mozrunner::runner	INFO	Running command: "C:\\Program Files\\Mozilla Firefox\\firefox.exe" "-marionette" "-profile" "C:\\Users\\jakub\\AppData\\Local\\Temp\\rust_mozprofile.ijIufTyDYrsg"
Unable to read VR Path Registry from C:\Users\jakub\AppData\Local\openvr\openvrpaths.vrpath
Unable to read VR Path Registry from C:\Users\jakub\AppData\Local\openvr\openvrpaths.vrpath
Unable to read VR Path Registry from C:\Users\jakub\AppData\Local\openvr\openvrpaths.vrpath
Unable to read VR Path Registry from C:\Users\jakub\AppData\Local\openvr\openvrpaths.vrpath
Unable to read VR Path Registry from C:\Users\jakub\AppData\Local\openvr\openvrpaths.vrpath
1525374388114	Marionette	INFO	Listening on port 51704
1525374389074	Marionette	WARN	TLS certificate errors will be ignored for this session
[Child 7132, Chrome_ChildThread] WARNING: pipe error: 109: file z:/build/build/src/ipc/chromium/src/chrome/common/ipc_channel_win.cc, line 346
[Child 7132, Chrome_Chi[Parent 9172, Gecko_IOThread] WARNING: pipe error: 109: file z:/build/build/src/ipc/chromium/src/chrome/common/ipc_channel_win.cc, line 346
[Child 12668, Chrome_ChildThread] WARNING: pipe error: 109: file z:/build/build/src/ipc/chromium/src/chrome/common/ipc_channel_win.cc, line 346
[Child 12668, Chrome_ChildThr[Parent 9172, Gecko_IOThread] WARNING: pipe error: 109: file z:/build/build/src/ipc/chromium/src/chrome/common/ipc_channel_win.cc, line 346
*** UTM:SVC TimerManager:registerTimer called after profile-before-change notification. Ignoring timer registration for id: telemetry_modules_ping

###!!! [Child][MessageChannel::SendAndWait] Error: Channel error: cannot send/recv

